16:48:15.225 [main] INFO  testCases.TC001_AccountRegistration5 - ***** Finished TC001_AccountRegistration5 *****
17:03:39.01 [main] INFO  testCases.TC001_AccountRegistration5 - ***** Starting TC001_AccountRegistration5 *****
17:04:43.562 [main] INFO  testCases.TC001_AccountRegistration5 - ***** Starting TC001_AccountRegistration5 *****
17:04:43.774 [main] INFO  testCases.TC001_AccountRegistration5 - Clicked on MyAccount Link
17:04:44.500 [main] INFO  testCases.TC001_AccountRegistration5 - Clicked on Register Link
17:04:44.507 [main] INFO  testCases.TC001_AccountRegistration5 - Providing customer details
17:04:49.183 [main] INFO  testCases.TC001_AccountRegistration5 - Validated Expected Message
17:04:49.236 [main] INFO  testCases.TC001_AccountRegistration5 - ***** Finished TC001_AccountRegistration5 *****
17:05:40.897 [main] INFO  testCases.TC001_AccountRegistration5 - ***** Starting TC001_AccountRegistration5 *****
17:05:41.762 [main] INFO  testCases.TC001_AccountRegistration5 - Clicked on MyAccount Link
17:05:46.541 [main] INFO  testCases.TC001_AccountRegistration5 - Clicked on Register Link
17:05:46.739 [main] INFO  testCases.TC001_AccountRegistration5 - Providing customer details
17:05:53.323 [main] INFO  testCases.TC001_AccountRegistration5 - Validated Expected Message
17:05:53.838 [main] INFO  testCases.TC001_AccountRegistration5 - ***** Finished TC001_AccountRegistration5 *****
17:10:11.210 [main] INFO  testCases.TC001_AccountRegistration5 - ***** Starting TC001_AccountRegistration5 *****
17:10:11.429 [main] INFO  testCases.TC001_AccountRegistration5 - Clicked on MyAccount Link
17:10:12.245 [main] INFO  testCases.TC001_AccountRegistration5 - Clicked on Register Link
17:10:12.250 [main] INFO  testCases.TC001_AccountRegistration5 - Providing customer details
17:10:16.932 [main] INFO  testCases.TC001_AccountRegistration5 - Validated Expected Message
17:10:16.976 [main] INFO  testCases.TC001_AccountRegistration5 - ***** Finished TC001_AccountRegistration5 *****
17:11:54.851 [main] INFO  testCases.TC001_AccountRegistration5 - ***** Starting TC001_AccountRegistration5 *****
17:11:55.163 [main] INFO  testCases.TC001_AccountRegistration5 - Clicked on MyAccount Link
17:11:56.120 [main] INFO  testCases.TC001_AccountRegistration5 - Clicked on Register Link
17:11:56.123 [main] INFO  testCases.TC001_AccountRegistration5 - Providing customer details
17:12:00.572 [main] INFO  testCases.TC001_AccountRegistration5 - Validated Expected Message
17:12:00.603 [main] INFO  testCases.TC001_AccountRegistration5 - ***** Finished TC001_AccountRegistration5 *****
17:12:08.32 [main] INFO  testCases.TC001_AccountRegistration5 - ***** Starting TC001_AccountRegistration5 *****
17:12:08.159 [main] INFO  testCases.TC001_AccountRegistration5 - Clicked on MyAccount Link
17:12:08.868 [main] INFO  testCases.TC001_AccountRegistration5 - Clicked on Register Link
17:12:08.868 [main] INFO  testCases.TC001_AccountRegistration5 - Providing customer details
17:12:13.346 [main] INFO  testCases.TC001_AccountRegistration5 - Validated Expected Message
17:12:13.384 [main] INFO  testCases.TC001_AccountRegistration5 - ***** Finished TC001_AccountRegistration5 *****
17:14:39.568 [TestNG-tests-3] INFO  testCases.TC001_AccountRegistration5 - ***** Starting TC001_AccountRegistration5 *****
17:14:40.55 [TestNG-tests-1] INFO  testCases.TC001_AccountRegistration5 - ***** Starting TC001_AccountRegistration5 *****
17:14:40.205 [TestNG-tests-3] INFO  testCases.TC001_AccountRegistration5 - Clicked on MyAccount Link
17:14:41.228 [TestNG-tests-1] INFO  testCases.TC001_AccountRegistration5 - Clicked on MyAccount Link
17:14:41.540 [TestNG-tests-3] INFO  testCases.TC001_AccountRegistration5 - Clicked on Register Link
17:14:41.561 [TestNG-tests-3] INFO  testCases.TC001_AccountRegistration5 - Providing customer details
17:14:43.749 [TestNG-tests-1] INFO  testCases.TC001_AccountRegistration5 - Clicked on Register Link
17:14:43.751 [TestNG-tests-1] INFO  testCases.TC001_AccountRegistration5 - Providing customer details
17:14:50.839 [TestNG-tests-3] INFO  testCases.TC001_AccountRegistration5 - Validated Expected Message
17:14:51.62 [TestNG-tests-3] INFO  testCases.TC001_AccountRegistration5 - ***** Finished TC001_AccountRegistration5 *****
17:14:52.566 [TestNG-tests-1] INFO  testCases.TC001_AccountRegistration5 - Validated Expected Message
17:14:53.153 [TestNG-tests-1] INFO  testCases.TC001_AccountRegistration5 - ***** Finished TC001_AccountRegistration5 *****
17:16:25.239 [TestNG-tests-2] INFO  testCases.TC001_AccountRegistration5 - ***** Starting TC001_AccountRegistration5 *****
17:16:25.590 [TestNG-tests-2] INFO  testCases.TC001_AccountRegistration5 - Clicked on MyAccount Link
17:16:26.582 [TestNG-tests-2] INFO  testCases.TC001_AccountRegistration5 - Clicked on Register Link
17:16:26.585 [TestNG-tests-2] INFO  testCases.TC001_AccountRegistration5 - Providing customer details
17:16:31.327 [TestNG-tests-2] INFO  testCases.TC001_AccountRegistration5 - Validated Expected Message
