17:16:58.673 [main] DEBUG org.apache.poi.openxml4j.opc.PackageRelationshipCollection - Parsing relationship: /_rels/.rels
17:17:00.788 [main] INFO  testCases.TC003_LoginData_DataDriven - ***** TC003_LoginData_DataDriven Started *****
17:17:01.277 [main] INFO  testCases.TC003_LoginData_DataDriven - ***** TC003_LoginData_DataDriven finished *****
17:17:12.173 [main] INFO  testCases.TC003_LoginData_DataDriven - ***** TC003_LoginData_DataDriven Started *****
17:17:22.844 [main] INFO  testCases.TC003_LoginData_DataDriven - ***** TC003_LoginData_DataDriven Started *****
17:17:22.844 [main] INFO  testCases.TC003_LoginData_DataDriven - ***** TC003_LoginData_DataDriven finished *****
17:17:24.284 [main] INFO  testCases.TC003_LoginData_DataDriven - ***** TC003_LoginData_DataDriven Started *****
14:34:51.414 [main] INFO  testCases.TC002_LoginTest8 - ***** TC002_LoginTest Started *****
14:34:53.38 [main] INFO  testCases.TC002_LoginTest8 - ***** TC002_LoginTest Finished *****
14:34:55.810 [main] INFO  testCases.TC001_AccountRegistration5 - ***** Starting TC001_AccountRegistration5 *****
14:34:55.922 [main] INFO  testCases.TC001_AccountRegistration5 - Clicked on MyAccount Link
14:34:56.769 [main] INFO  testCases.TC001_AccountRegistration5 - Clicked on Register Link
14:34:56.775 [main] INFO  testCases.TC001_AccountRegistration5 - Providing customer details
14:35:01.287 [main] INFO  testCases.TC001_AccountRegistration5 - Validated Expected Message
14:35:01.321 [main] INFO  testCases.TC001_AccountRegistration5 - ***** Finished TC001_AccountRegistration5 *****
14:35:36.847 [main] INFO  testCases.TC002_LoginTest8 - ***** TC002_LoginTest Started *****
14:35:38.484 [main] INFO  testCases.TC002_LoginTest8 - ***** TC002_LoginTest Finished *****
16:16:03.340 [main] DEBUG org.apache.poi.openxml4j.opc.PackageRelationshipCollection - Parsing relationship: /xl/_rels/workbook.xml.rels
16:16:03.397 [main] DEBUG org.apache.poi.openxml4j.opc.PackageRelationshipCollection - Parsing relationship: /xl/worksheets/_rels/sheet1.xml.rels
16:16:03.401 [main] DEBUG org.apache.poi.openxml4j.opc.PackageRelationshipCollection - Parsing relationship: /_rels/.rels
16:16:04.708 [main] DEBUG org.apache.poi.openxml4j.opc.PackageRelationshipCollection - Parsing relationship: /xl/_rels/workbook.xml.rels
16:16:04.711 [main] DEBUG org.apache.poi.openxml4j.opc.PackageRelationshipCollection - Parsing relationship: /xl/worksheets/_rels/sheet1.xml.rels
16:16:04.713 [main] DEBUG org.apache.poi.openxml4j.opc.PackageRelationshipCollection - Parsing relationship: /_rels/.rels
16:16:04.774 [main] DEBUG org.apache.poi.openxml4j.opc.PackageRelationshipCollection - Parsing relationship: /xl/_rels/workbook.xml.rels
16:16:04.777 [main] DEBUG org.apache.poi.openxml4j.opc.PackageRelationshipCollection - Parsing relationship: /xl/worksheets/_rels/sheet1.xml.rels
16:16:04.780 [main] DEBUG org.apache.poi.openxml4j.opc.PackageRelationshipCollection - Parsing relationship: /_rels/.rels
16:16:04.864 [main] DEBUG org.apache.poi.openxml4j.opc.PackageRelationshipCollection - Parsing relationship: /xl/_rels/workbook.xml.rels
16:16:04.866 [main] DEBUG org.apache.poi.openxml4j.opc.PackageRelationshipCollection - Parsing relationship: /xl/worksheets/_rels/sheet1.xml.rels
16:16:04.868 [main] DEBUG org.apache.poi.openxml4j.opc.PackageRelationshipCollection - Parsing relationship: /_rels/.rels
16:16:04.931 [main] DEBUG org.apache.poi.openxml4j.opc.PackageRelationshipCollection - Parsing relationship: /xl/_rels/workbook.xml.rels
16:16:04.933 [main] DEBUG org.apache.poi.openxml4j.opc.PackageRelationshipCollection - Parsing relationship: /xl/worksheets/_rels/sheet1.xml.rels
16:16:04.935 [main] DEBUG org.apache.poi.openxml4j.opc.PackageRelationshipCollection - Parsing relationship: /_rels/.rels
16:16:04.997 [main] DEBUG org.apache.poi.openxml4j.opc.PackageRelationshipCollection - Parsing relationship: /xl/_rels/workbook.xml.rels
16:16:04.998 [main] DEBUG org.apache.poi.openxml4j.opc.PackageRelationshipCollection - Parsing relationship: /xl/worksheets/_rels/sheet1.xml.rels
16:16:05.00 [main] DEBUG org.apache.poi.openxml4j.opc.PackageRelationshipCollection - Parsing relationship: /_rels/.rels
16:16:05.86 [main] DEBUG org.apache.poi.openxml4j.opc.PackageRelationshipCollection - Parsing relationship: /xl/_rels/workbook.xml.rels
16:16:05.92 [main] DEBUG org.apache.poi.openxml4j.opc.PackageRelationshipCollection - Parsing relationship: /xl/worksheets/_rels/sheet1.xml.rels
16:16:05.94 [main] DEBUG org.apache.poi.openxml4j.opc.PackageRelationshipCollection - Parsing relationship: /_rels/.rels
16:16:05.202 [main] DEBUG org.apache.poi.openxml4j.opc.PackageRelationshipCollection - Parsing relationship: /xl/_rels/workbook.xml.rels
16:16:05.209 [main] DEBUG org.apache.poi.openxml4j.opc.PackageRelationshipCollection - Parsing relationship: /xl/worksheets/_rels/sheet1.xml.rels
16:16:05.211 [main] DEBUG org.apache.poi.openxml4j.opc.PackageRelationshipCollection - Parsing relationship: /_rels/.rels
