16:16:05.266 [main] DEBUG org.apache.poi.openxml4j.opc.PackageRelationshipCollection - Parsing relationship: /xl/_rels/workbook.xml.rels
16:16:05.285 [main] DEBUG org.apache.poi.openxml4j.opc.PackageRelationshipCollection - Parsing relationship: /xl/worksheets/_rels/sheet1.xml.rels
16:16:05.289 [main] DEBUG org.apache.poi.openxml4j.opc.PackageRelationshipCollection - Parsing relationship: /_rels/.rels
16:16:05.348 [main] DEBUG org.apache.poi.openxml4j.opc.PackageRelationshipCollection - Parsing relationship: /xl/_rels/workbook.xml.rels
16:16:05.350 [main] DEBUG org.apache.poi.openxml4j.opc.PackageRelationshipCollection - Parsing relationship: /xl/worksheets/_rels/sheet1.xml.rels
16:16:05.361 [main] DEBUG org.apache.poi.openxml4j.opc.PackageRelationshipCollection - Parsing relationship: /_rels/.rels
16:16:05.404 [main] DEBUG org.apache.poi.openxml4j.opc.PackageRelationshipCollection - Parsing relationship: /xl/_rels/workbook.xml.rels
16:16:05.408 [main] DEBUG org.apache.poi.openxml4j.opc.PackageRelationshipCollection - Parsing relationship: /xl/worksheets/_rels/sheet1.xml.rels
16:16:05.410 [main] DEBUG org.apache.poi.openxml4j.opc.PackageRelationshipCollection - Parsing relationship: /_rels/.rels
16:16:05.501 [main] DEBUG org.apache.poi.openxml4j.opc.PackageRelationshipCollection - Parsing relationship: /xl/_rels/workbook.xml.rels
16:16:05.502 [main] DEBUG org.apache.poi.openxml4j.opc.PackageRelationshipCollection - Parsing relationship: /xl/worksheets/_rels/sheet1.xml.rels
16:16:05.507 [main] DEBUG org.apache.poi.openxml4j.opc.PackageRelationshipCollection - Parsing relationship: /_rels/.rels
16:16:05.644 [main] DEBUG org.apache.poi.openxml4j.opc.PackageRelationshipCollection - Parsing relationship: /xl/_rels/workbook.xml.rels
16:16:05.646 [main] DEBUG org.apache.poi.openxml4j.opc.PackageRelationshipCollection - Parsing relationship: /xl/worksheets/_rels/sheet1.xml.rels
16:16:05.649 [main] DEBUG org.apache.poi.openxml4j.opc.PackageRelationshipCollection - Parsing relationship: /_rels/.rels
16:16:05.726 [main] DEBUG org.apache.poi.openxml4j.opc.PackageRelationshipCollection - Parsing relationship: /xl/_rels/workbook.xml.rels
16:16:05.727 [main] DEBUG org.apache.poi.openxml4j.opc.PackageRelationshipCollection - Parsing relationship: /xl/worksheets/_rels/sheet1.xml.rels
16:16:05.728 [main] DEBUG org.apache.poi.openxml4j.opc.PackageRelationshipCollection - Parsing relationship: /_rels/.rels
16:16:08.77 [main] INFO  testCases.TC003_LoginData_DataDriven11 - ***** TC003_LoginData_DataDriven Started *****
16:16:08.419 [main] INFO  testCases.TC003_LoginData_DataDriven11 - ***** TC003_LoginData_DataDriven finished *****
16:16:19.690 [main] INFO  testCases.TC003_LoginData_DataDriven11 - ***** TC003_LoginData_DataDriven Started *****
16:16:31.580 [main] INFO  testCases.TC003_LoginData_DataDriven11 - ***** TC003_LoginData_DataDriven Started *****
16:16:31.581 [main] INFO  testCases.TC003_LoginData_DataDriven11 - ***** TC003_LoginData_DataDriven finished *****
16:16:32.954 [main] INFO  testCases.TC003_LoginData_DataDriven11 - ***** TC003_LoginData_DataDriven Started *****
16:18:12.126 [main] INFO  testCases.TC001_AccountRegistration5 - ***** Starting TC001_AccountRegistration5 *****
16:18:12.379 [main] INFO  testCases.TC001_AccountRegistration5 - Clicked on MyAccount Link
16:18:13.10 [main] INFO  testCases.TC001_AccountRegistration5 - Clicked on Register Link
16:18:13.25 [main] INFO  testCases.TC001_AccountRegistration5 - Providing customer details
16:18:41.645 [main] INFO  testCases.TC001_AccountRegistration5 - ***** Starting TC001_AccountRegistration5 *****
16:18:42.365 [main] INFO  testCases.TC001_AccountRegistration5 - Clicked on MyAccount Link
16:18:43.181 [main] INFO  testCases.TC001_AccountRegistration5 - Clicked on Register Link
16:18:43.189 [main] INFO  testCases.TC001_AccountRegistration5 - Providing customer details
16:18:48.584 [main] INFO  testCases.TC001_AccountRegistration5 - Validated Expected Message
16:18:48.836 [main] INFO  testCases.TC001_AccountRegistration5 - ***** Finished TC001_AccountRegistration5 *****
